<?xml version="1.0" encoding="UTF-8"?>
<testng-results skipped="6" failed="1" total="7" passed="0">
  <reporter-output>
  </reporter-output>
  <suite name="Default suite" duration-ms="926" started-at="2021-07-12T14:08:15Z" finished-at="2021-07-12T14:08:16Z">
    <groups>
    </groups>
    <test name="Default test" duration-ms="926" started-at="2021-07-12T14:08:15Z" finished-at="2021-07-12T14:08:16Z">
      <class name="org.opengis.cite.wmts10.core.dgiwg.testsuite.getcapabilities.ServiceMetadataContent13">
        <test-method status="PASS" signature="initBaseFixture(org.testng.ITestContext)[pri:0, instance:org.opengis.cite.wmts10.core.dgiwg.testsuite.getcapabilities.ServiceMetadataContent13@74e52303]" name="initBaseFixture" is-config="true" duration-ms="629" started-at="2021-07-12T16:08:15Z" finished-at="2021-07-12T16:08:15Z">
          <params>
            <param index="0">
              <value>
                <![CDATA[org.testng.TestRunner@14fc5f04]]>
              </value>
            </param>
          </params>
          <reporter-output>
          </reporter-output>
        </test-method> <!-- initBaseFixture -->
        <test-method status="PASS" signature="initParser()[pri:0, instance:org.opengis.cite.wmts10.core.dgiwg.testsuite.getcapabilities.ServiceMetadataContent13@74e52303]" name="initParser" is-config="true" duration-ms="175" started-at="2021-07-12T16:08:15Z" finished-at="2021-07-12T16:08:16Z">
          <reporter-output>
          </reporter-output>
        </test-method> <!-- initParser -->
        <test-method status="PASS" signature="buildGetCapabilitiesRequest()[pri:0, instance:org.opengis.cite.wmts10.core.dgiwg.testsuite.getcapabilities.ServiceMetadataContent13@74e52303]" name="buildGetCapabilitiesRequest" is-config="true" duration-ms="4" started-at="2021-07-12T16:08:16Z" finished-at="2021-07-12T16:08:16Z">
          <reporter-output>
          </reporter-output>
        </test-method> <!-- buildGetCapabilitiesRequest -->
        <test-method status="FAIL" signature="verifyGetCapabilitiesSupported()[pri:0, instance:org.opengis.cite.wmts10.core.dgiwg.testsuite.getcapabilities.ServiceMetadataContent13@74e52303]" name="verifyGetCapabilitiesSupported" duration-ms="48" started-at="2021-07-12T16:08:16Z" finished-at="2021-07-12T16:08:16Z">
          <exception class="java.lang.AssertionError">
            <message>
              <![CDATA[GetCapabilities is not supported by this WMTS expected object to not be null]]>
            </message>
            <full-stacktrace>
              <![CDATA[java.lang.AssertionError: GetCapabilities is not supported by this WMTS expected object to not be null
	at org.testng.Assert.fail(Assert.java:94)
	at org.testng.Assert.assertNotNull(Assert.java:423)
	at org.opengis.cite.wmts10.core.dgiwg.testsuite.getcapabilities.AbstractBaseGetCapabilitiesFixture.verifyGetCapabilitiesSupported(AbstractBaseGetCapabilitiesFixture.java:36)
	at sun.reflect.NativeMethodAccessorImpl.invoke0(Native Method)
	at sun.reflect.NativeMethodAccessorImpl.invoke(NativeMethodAccessorImpl.java:62)
	at sun.reflect.DelegatingMethodAccessorImpl.invoke(DelegatingMethodAccessorImpl.java:43)
	at java.lang.reflect.Method.invoke(Method.java:498)
	at org.testng.internal.MethodInvocationHelper.invokeMethod(MethodInvocationHelper.java:86)
	at org.testng.internal.Invoker.invokeMethod(Invoker.java:643)
	at org.testng.internal.Invoker.invokeTestMethod(Invoker.java:820)
	at org.testng.internal.Invoker.invokeTestMethods(Invoker.java:1128)
	at org.testng.internal.TestMethodWorker.invokeTestMethods(TestMethodWorker.java:129)
	at org.testng.internal.TestMethodWorker.run(TestMethodWorker.java:112)
	at org.testng.TestRunner.privateRun(TestRunner.java:782)
	at org.testng.TestRunner.run(TestRunner.java:632)
	at org.testng.SuiteRunner.runTest(SuiteRunner.java:366)
	at org.testng.SuiteRunner.runSequentially(SuiteRunner.java:361)
	at org.testng.SuiteRunner.privateRun(SuiteRunner.java:319)
	at org.testng.SuiteRunner.run(SuiteRunner.java:268)
	at org.testng.SuiteRunnerWorker.runSuite(SuiteRunnerWorker.java:52)
	at org.testng.SuiteRunnerWorker.run(SuiteRunnerWorker.java:86)
	at org.testng.TestNG.runSuitesSequentially(TestNG.java:1244)
	at org.testng.TestNG.runSuitesLocally(TestNG.java:1169)
	at org.testng.TestNG.run(TestNG.java:1064)
	at org.testng.remote.AbstractRemoteTestNG.run(AbstractRemoteTestNG.java:115)
	at org.testng.remote.RemoteTestNG.initAndRun(RemoteTestNG.java:251)
	at org.testng.remote.RemoteTestNG.main(RemoteTestNG.java:77)
]]>
            </full-stacktrace>
          </exception> <!-- java.lang.AssertionError -->
          <reporter-output>
          </reporter-output>
        </test-method> <!-- verifyGetCapabilitiesSupported -->
        <test-method status="PASS" signature="addAttributesOnTestSuccess(org.testng.ITestResult)[pri:0, instance:org.opengis.cite.wmts10.core.dgiwg.testsuite.getcapabilities.ServiceMetadataContent13@74e52303]" name="addAttributesOnTestSuccess" is-config="true" duration-ms="1" started-at="2021-07-12T16:08:16Z" finished-at="2021-07-12T16:08:16Z">
          <params>
            <param index="0">
              <value>
                <![CDATA[[TestResult name=verifyGetCapabilitiesSupported status=FAILURE method=AbstractBaseGetCapabilitiesFixture.verifyGetCapabilitiesSupported()[pri:0, instance:org.opengis.cite.wmts10.core.dgiwg.testsuite.getcapabilities.ServiceMetadataContent13@74e52303] output={null}]]]>
              </value>
            </param>
          </params>
          <reporter-output>
          </reporter-output>
        </test-method> <!-- addAttributesOnTestSuccess -->
        <test-method status="PASS" signature="addAttributesOnTestFailure(org.testng.ITestResult)[pri:0, instance:org.opengis.cite.wmts10.core.dgiwg.testsuite.getcapabilities.ServiceMetadataContent13@74e52303]" name="addAttributesOnTestFailure" is-config="true" duration-ms="0" started-at="2021-07-12T16:08:16Z" finished-at="2021-07-12T16:08:16Z">
          <params>
            <param index="0">
              <value>
                <![CDATA[[TestResult name=verifyGetCapabilitiesSupported status=FAILURE method=AbstractBaseGetCapabilitiesFixture.verifyGetCapabilitiesSupported()[pri:0, instance:org.opengis.cite.wmts10.core.dgiwg.testsuite.getcapabilities.ServiceMetadataContent13@74e52303] output={null}]]]>
              </value>
            </param>
          </params>
          <reporter-output>
          </reporter-output>
        </test-method> <!-- addAttributesOnTestFailure -->
        <test-method status="SKIP" signature="wmtsCapabilitiesExists()[pri:0, instance:org.opengis.cite.wmts10.core.dgiwg.testsuite.getcapabilities.ServiceMetadataContent13@74e52303]" name="wmtsCapabilitiesExists" duration-ms="0" started-at="2021-07-12T16:08:16Z" description="DGIWG WMTS 1.0, Requirement 14" depends-on-methods="org.opengis.cite.wmts10.core.dgiwg.testsuite.getcapabilities.AbstractBaseGetCapabilitiesFixture.verifyGetCapabilitiesSupported" finished-at="2021-07-12T16:08:16Z">
          <exception class="java.lang.Throwable">
            <message>
              <![CDATA[Method ServiceMetadataContent13.wmtsCapabilitiesExists()[pri:0, instance:org.opengis.cite.wmts10.core.dgiwg.testsuite.getcapabilities.ServiceMetadataContent13@74e52303] depends on not successfully finished methods]]>
            </message>
            <full-stacktrace>
              <![CDATA[java.lang.Throwable: Method ServiceMetadataContent13.wmtsCapabilitiesExists()[pri:0, instance:org.opengis.cite.wmts10.core.dgiwg.testsuite.getcapabilities.ServiceMetadataContent13@74e52303] depends on not successfully finished methods
	at org.testng.internal.Invoker.invokeTestMethods(Invoker.java:1037)
	at org.testng.internal.TestMethodWorker.invokeTestMethods(TestMethodWorker.java:129)
	at org.testng.internal.TestMethodWorker.run(TestMethodWorker.java:112)
	at org.testng.TestRunner.privateRun(TestRunner.java:782)
	at org.testng.TestRunner.run(TestRunner.java:632)
	at org.testng.SuiteRunner.runTest(SuiteRunner.java:366)
	at org.testng.SuiteRunner.runSequentially(SuiteRunner.java:361)
	at org.testng.SuiteRunner.privateRun(SuiteRunner.java:319)
	at org.testng.SuiteRunner.run(SuiteRunner.java:268)
	at org.testng.SuiteRunnerWorker.runSuite(SuiteRunnerWorker.java:52)
	at org.testng.SuiteRunnerWorker.run(SuiteRunnerWorker.java:86)
	at org.testng.TestNG.runSuitesSequentially(TestNG.java:1244)
	at org.testng.TestNG.runSuitesLocally(TestNG.java:1169)
	at org.testng.TestNG.run(TestNG.java:1064)
	at org.testng.remote.AbstractRemoteTestNG.run(AbstractRemoteTestNG.java:115)
	at org.testng.remote.RemoteTestNG.initAndRun(RemoteTestNG.java:251)
	at org.testng.remote.RemoteTestNG.main(RemoteTestNG.java:77)
]]>
            </full-stacktrace>
          </exception> <!-- java.lang.Throwable -->
          <reporter-output>
          </reporter-output>
        </test-method> <!-- wmtsCapabilitiesExists -->
        <test-method status="SKIP" signature="wmtsCapabilitiesContentsExists()[pri:0, instance:org.opengis.cite.wmts10.core.dgiwg.testsuite.getcapabilities.ServiceMetadataContent13@74e52303]" name="wmtsCapabilitiesContentsExists" duration-ms="0" started-at="2021-07-12T16:08:16Z" description="DGIWG WMTS 1.0, Requirement 14" depends-on-methods="org.opengis.cite.wmts10.core.dgiwg.testsuite.getcapabilities.ServiceMetadataContent13.wmtsCapabilitiesExists" finished-at="2021-07-12T16:08:16Z">
          <exception class="java.lang.Throwable">
            <message>
              <![CDATA[Method ServiceMetadataContent13.wmtsCapabilitiesContentsExists()[pri:0, instance:org.opengis.cite.wmts10.core.dgiwg.testsuite.getcapabilities.ServiceMetadataContent13@74e52303] depends on not successfully finished methods]]>
            </message>
            <full-stacktrace>
              <![CDATA[java.lang.Throwable: Method ServiceMetadataContent13.wmtsCapabilitiesContentsExists()[pri:0, instance:org.opengis.cite.wmts10.core.dgiwg.testsuite.getcapabilities.ServiceMetadataContent13@74e52303] depends on not successfully finished methods
	at org.testng.internal.Invoker.invokeTestMethods(Invoker.java:1037)
	at org.testng.internal.TestMethodWorker.invokeTestMethods(TestMethodWorker.java:129)
	at org.testng.internal.TestMethodWorker.run(TestMethodWorker.java:112)
	at org.testng.TestRunner.privateRun(TestRunner.java:782)
	at org.testng.TestRunner.run(TestRunner.java:632)
	at org.testng.SuiteRunner.runTest(SuiteRunner.java:366)
	at org.testng.SuiteRunner.runSequentially(SuiteRunner.java:361)
	at org.testng.SuiteRunner.privateRun(SuiteRunner.java:319)
	at org.testng.SuiteRunner.run(SuiteRunner.java:268)
	at org.testng.SuiteRunnerWorker.runSuite(SuiteRunnerWorker.java:52)
	at org.testng.SuiteRunnerWorker.run(SuiteRunnerWorker.java:86)
	at org.testng.TestNG.runSuitesSequentially(TestNG.java:1244)
	at org.testng.TestNG.runSuitesLocally(TestNG.java:1169)
	at org.testng.TestNG.run(TestNG.java:1064)
	at org.testng.remote.AbstractRemoteTestNG.run(AbstractRemoteTestNG.java:115)
	at org.testng.remote.RemoteTestNG.initAndRun(RemoteTestNG.java:251)
	at org.testng.remote.RemoteTestNG.main(RemoteTestNG.java:77)
]]>
            </full-stacktrace>
          </exception> <!-- java.lang.Throwable -->
          <reporter-output>
          </reporter-output>
        </test-method> <!-- wmtsCapabilitiesContentsExists -->
        <test-method status="SKIP" signature="wmtsCapabilitiesOperationsMetadataExists()[pri:0, instance:org.opengis.cite.wmts10.core.dgiwg.testsuite.getcapabilities.ServiceMetadataContent13@74e52303]" name="wmtsCapabilitiesOperationsMetadataExists" duration-ms="0" started-at="2021-07-12T16:08:16Z" description="DGIWG WMTS 1.0, Requirement 14" depends-on-methods="org.opengis.cite.wmts10.core.dgiwg.testsuite.getcapabilities.ServiceMetadataContent13.wmtsCapabilitiesExists" finished-at="2021-07-12T16:08:16Z">
          <exception class="java.lang.Throwable">
            <message>
              <![CDATA[Method ServiceMetadataContent13.wmtsCapabilitiesOperationsMetadataExists()[pri:0, instance:org.opengis.cite.wmts10.core.dgiwg.testsuite.getcapabilities.ServiceMetadataContent13@74e52303] depends on not successfully finished methods]]>
            </message>
            <full-stacktrace>
              <![CDATA[java.lang.Throwable: Method ServiceMetadataContent13.wmtsCapabilitiesOperationsMetadataExists()[pri:0, instance:org.opengis.cite.wmts10.core.dgiwg.testsuite.getcapabilities.ServiceMetadataContent13@74e52303] depends on not successfully finished methods
	at org.testng.internal.Invoker.invokeTestMethods(Invoker.java:1037)
	at org.testng.internal.TestMethodWorker.invokeTestMethods(TestMethodWorker.java:129)
	at org.testng.internal.TestMethodWorker.run(TestMethodWorker.java:112)
	at org.testng.TestRunner.privateRun(TestRunner.java:782)
	at org.testng.TestRunner.run(TestRunner.java:632)
	at org.testng.SuiteRunner.runTest(SuiteRunner.java:366)
	at org.testng.SuiteRunner.runSequentially(SuiteRunner.java:361)
	at org.testng.SuiteRunner.privateRun(SuiteRunner.java:319)
	at org.testng.SuiteRunner.run(SuiteRunner.java:268)
	at org.testng.SuiteRunnerWorker.runSuite(SuiteRunnerWorker.java:52)
	at org.testng.SuiteRunnerWorker.run(SuiteRunnerWorker.java:86)
	at org.testng.TestNG.runSuitesSequentially(TestNG.java:1244)
	at org.testng.TestNG.runSuitesLocally(TestNG.java:1169)
	at org.testng.TestNG.run(TestNG.java:1064)
	at org.testng.remote.AbstractRemoteTestNG.run(AbstractRemoteTestNG.java:115)
	at org.testng.remote.RemoteTestNG.initAndRun(RemoteTestNG.java:251)
	at org.testng.remote.RemoteTestNG.main(RemoteTestNG.java:77)
]]>
            </full-stacktrace>
          </exception> <!-- java.lang.Throwable -->
          <reporter-output>
          </reporter-output>
        </test-method> <!-- wmtsCapabilitiesOperationsMetadataExists -->
        <test-method status="SKIP" signature="wmtsCapabilitiesServiceIdentificationExists()[pri:0, instance:org.opengis.cite.wmts10.core.dgiwg.testsuite.getcapabilities.ServiceMetadataContent13@74e52303]" name="wmtsCapabilitiesServiceIdentificationExists" duration-ms="0" started-at="2021-07-12T16:08:16Z" description="DGIWG WMTS 1.0, Requirement 14" depends-on-methods="org.opengis.cite.wmts10.core.dgiwg.testsuite.getcapabilities.ServiceMetadataContent13.wmtsCapabilitiesExists" finished-at="2021-07-12T16:08:16Z">
          <exception class="java.lang.Throwable">
            <message>
              <![CDATA[Method ServiceMetadataContent13.wmtsCapabilitiesServiceIdentificationExists()[pri:0, instance:org.opengis.cite.wmts10.core.dgiwg.testsuite.getcapabilities.ServiceMetadataContent13@74e52303] depends on not successfully finished methods]]>
            </message>
            <full-stacktrace>
              <![CDATA[java.lang.Throwable: Method ServiceMetadataContent13.wmtsCapabilitiesServiceIdentificationExists()[pri:0, instance:org.opengis.cite.wmts10.core.dgiwg.testsuite.getcapabilities.ServiceMetadataContent13@74e52303] depends on not successfully finished methods
	at org.testng.internal.Invoker.invokeTestMethods(Invoker.java:1037)
	at org.testng.internal.TestMethodWorker.invokeTestMethods(TestMethodWorker.java:129)
	at org.testng.internal.TestMethodWorker.run(TestMethodWorker.java:112)
	at org.testng.TestRunner.privateRun(TestRunner.java:782)
	at org.testng.TestRunner.run(TestRunner.java:632)
	at org.testng.SuiteRunner.runTest(SuiteRunner.java:366)
	at org.testng.SuiteRunner.runSequentially(SuiteRunner.java:361)
	at org.testng.SuiteRunner.privateRun(SuiteRunner.java:319)
	at org.testng.SuiteRunner.run(SuiteRunner.java:268)
	at org.testng.SuiteRunnerWorker.runSuite(SuiteRunnerWorker.java:52)
	at org.testng.SuiteRunnerWorker.run(SuiteRunnerWorker.java:86)
	at org.testng.TestNG.runSuitesSequentially(TestNG.java:1244)
	at org.testng.TestNG.runSuitesLocally(TestNG.java:1169)
	at org.testng.TestNG.run(TestNG.java:1064)
	at org.testng.remote.AbstractRemoteTestNG.run(AbstractRemoteTestNG.java:115)
	at org.testng.remote.RemoteTestNG.initAndRun(RemoteTestNG.java:251)
	at org.testng.remote.RemoteTestNG.main(RemoteTestNG.java:77)
]]>
            </full-stacktrace>
          </exception> <!-- java.lang.Throwable -->
          <reporter-output>
          </reporter-output>
        </test-method> <!-- wmtsCapabilitiesServiceIdentificationExists -->
        <test-method status="SKIP" signature="wmtsCapabilitiesServiceProviderExists()[pri:0, instance:org.opengis.cite.wmts10.core.dgiwg.testsuite.getcapabilities.ServiceMetadataContent13@74e52303]" name="wmtsCapabilitiesServiceProviderExists" duration-ms="0" started-at="2021-07-12T16:08:16Z" description="DGIWG WMTS 1.0, Requirement 14" depends-on-methods="org.opengis.cite.wmts10.core.dgiwg.testsuite.getcapabilities.ServiceMetadataContent13.wmtsCapabilitiesExists" finished-at="2021-07-12T16:08:16Z">
          <exception class="java.lang.Throwable">
            <message>
              <![CDATA[Method ServiceMetadataContent13.wmtsCapabilitiesServiceProviderExists()[pri:0, instance:org.opengis.cite.wmts10.core.dgiwg.testsuite.getcapabilities.ServiceMetadataContent13@74e52303] depends on not successfully finished methods]]>
            </message>
            <full-stacktrace>
              <![CDATA[java.lang.Throwable: Method ServiceMetadataContent13.wmtsCapabilitiesServiceProviderExists()[pri:0, instance:org.opengis.cite.wmts10.core.dgiwg.testsuite.getcapabilities.ServiceMetadataContent13@74e52303] depends on not successfully finished methods
	at org.testng.internal.Invoker.invokeTestMethods(Invoker.java:1037)
	at org.testng.internal.TestMethodWorker.invokeTestMethods(TestMethodWorker.java:129)
	at org.testng.internal.TestMethodWorker.run(TestMethodWorker.java:112)
	at org.testng.TestRunner.privateRun(TestRunner.java:782)
	at org.testng.TestRunner.run(TestRunner.java:632)
	at org.testng.SuiteRunner.runTest(SuiteRunner.java:366)
	at org.testng.SuiteRunner.runSequentially(SuiteRunner.java:361)
	at org.testng.SuiteRunner.privateRun(SuiteRunner.java:319)
	at org.testng.SuiteRunner.run(SuiteRunner.java:268)
	at org.testng.SuiteRunnerWorker.runSuite(SuiteRunnerWorker.java:52)
	at org.testng.SuiteRunnerWorker.run(SuiteRunnerWorker.java:86)
	at org.testng.TestNG.runSuitesSequentially(TestNG.java:1244)
	at org.testng.TestNG.runSuitesLocally(TestNG.java:1169)
	at org.testng.TestNG.run(TestNG.java:1064)
	at org.testng.remote.AbstractRemoteTestNG.run(AbstractRemoteTestNG.java:115)
	at org.testng.remote.RemoteTestNG.initAndRun(RemoteTestNG.java:251)
	at org.testng.remote.RemoteTestNG.main(RemoteTestNG.java:77)
]]>
            </full-stacktrace>
          </exception> <!-- java.lang.Throwable -->
          <reporter-output>
          </reporter-output>
        </test-method> <!-- wmtsCapabilitiesServiceProviderExists -->
        <test-method status="SKIP" signature="wmtsCapabilitiesLayerStyleLegends()[pri:0, instance:org.opengis.cite.wmts10.core.dgiwg.testsuite.getcapabilities.ServiceMetadataContent13@74e52303]" name="wmtsCapabilitiesLayerStyleLegends" duration-ms="0" started-at="2021-07-12T16:08:16Z" description="DGIWG WMTS 1.0, Requirement 14" depends-on-methods="org.opengis.cite.wmts10.core.dgiwg.testsuite.getcapabilities.ServiceMetadataContent13.wmtsCapabilitiesContentsExists" finished-at="2021-07-12T16:08:16Z">
          <exception class="java.lang.Throwable">
            <message>
              <![CDATA[Method ServiceMetadataContent13.wmtsCapabilitiesLayerStyleLegends()[pri:0, instance:org.opengis.cite.wmts10.core.dgiwg.testsuite.getcapabilities.ServiceMetadataContent13@74e52303] depends on not successfully finished methods]]>
            </message>
            <full-stacktrace>
              <![CDATA[java.lang.Throwable: Method ServiceMetadataContent13.wmtsCapabilitiesLayerStyleLegends()[pri:0, instance:org.opengis.cite.wmts10.core.dgiwg.testsuite.getcapabilities.ServiceMetadataContent13@74e52303] depends on not successfully finished methods
	at org.testng.internal.Invoker.invokeTestMethods(Invoker.java:1037)
	at org.testng.internal.TestMethodWorker.invokeTestMethods(TestMethodWorker.java:129)
	at org.testng.internal.TestMethodWorker.run(TestMethodWorker.java:112)
	at org.testng.TestRunner.privateRun(TestRunner.java:782)
	at org.testng.TestRunner.run(TestRunner.java:632)
	at org.testng.SuiteRunner.runTest(SuiteRunner.java:366)
	at org.testng.SuiteRunner.runSequentially(SuiteRunner.java:361)
	at org.testng.SuiteRunner.privateRun(SuiteRunner.java:319)
	at org.testng.SuiteRunner.run(SuiteRunner.java:268)
	at org.testng.SuiteRunnerWorker.runSuite(SuiteRunnerWorker.java:52)
	at org.testng.SuiteRunnerWorker.run(SuiteRunnerWorker.java:86)
	at org.testng.TestNG.runSuitesSequentially(TestNG.java:1244)
	at org.testng.TestNG.runSuitesLocally(TestNG.java:1169)
	at org.testng.TestNG.run(TestNG.java:1064)
	at org.testng.remote.AbstractRemoteTestNG.run(AbstractRemoteTestNG.java:115)
	at org.testng.remote.RemoteTestNG.initAndRun(RemoteTestNG.java:251)
	at org.testng.remote.RemoteTestNG.main(RemoteTestNG.java:77)
]]>
            </full-stacktrace>
          </exception> <!-- java.lang.Throwable -->
          <reporter-output>
          </reporter-output>
        </test-method> <!-- wmtsCapabilitiesLayerStyleLegends -->
      </class> <!-- org.opengis.cite.wmts10.core.dgiwg.testsuite.getcapabilities.ServiceMetadataContent13 -->
    </test> <!-- Default test -->
  </suite> <!-- Default suite -->
</testng-results>
